[SYS] 2025/11/13 - 17:46:49 | initializing token encoders 
[SYS] 2025/11/13 - 17:46:49 | token encoders initialized 
[SYS] 2025/11/13 - 17:46:49 | SQL_DSN not set, using SQLite as database 
[SYS] 2025/11/13 - 17:46:49 | database migration started 

2025/11/13 17:46:49 [31;1m/Users/xieMac/Desktop/demoProject/dingding/new-api-main/model/setup.go:11 [35;1mrecord not found
[0m[33m[0.029ms] [34;1m[rows:0][0m SELECT * FROM `setups` ORDER BY `setups`.`id` LIMIT 1

2025/11/13 17:46:49 [31;1m/Users/xieMac/Desktop/demoProject/dingding/new-api-main/model/user.go:913 [35;1mrecord not found
[0m[33m[0.078ms] [34;1m[rows:0][0m SELECT * FROM `users` WHERE role = 100 AND `users`.`deleted_at` IS NULL ORDER BY `users`.`id` LIMIT 1
[SYS] 2025/11/13 - 17:46:49 | system is not initialized and no root user exists 
[SYS] 2025/11/13 - 17:46:49 | REDIS_CONN_STRING not set, Redis is not enabled 
[SYS] 2025/11/13 - 17:46:49 | New API v0.0.0 started 
[SYS] 2025/11/13 - 17:46:49 | æ­£åœ¨æ›´æ–°æ•°æ®çœ‹æ¿æ•°æ®... 
[SYS] 2025/11/13 - 17:46:49 | ä¿å­˜æ•°æ®çœ‹æ¿æ•°æ®æˆåŠŸï¼Œå…±ä¿å­˜0æ¡æ•°æ® 

  [32mNew API v0.0.0[0m  ready in 55 ms

  âœ  [1mLocal:[0m   http://localhost:3000/
  âœ  [1mNetwork:[0m http://192.168.1.120:3000/

[GIN] 2025/11/13 - 17:46:59 | 20251113174659202797000krJYQWJR | 200 |     169.833Âµs |             ::1 |     GET /api/status
[SYS] 2025/11/13 - 17:47:04 | ä»»åŠ¡è¿›åº¦è½®è¯¢å¼€å§‹ 
[SYS] 2025/11/13 - 17:47:04 | ä»»åŠ¡è¿›åº¦è½®è¯¢å®Œæˆ 
[GIN] 2025/11/13 - 17:47:06 | 20251113174706371688000IpveJT9A | 200 |     2.04525ms |             ::1 |     GET /setup

2025/11/13 17:47:06 [31;1m/Users/xieMac/Desktop/demoProject/dingding/new-api-main/model/user.go:913 [35;1mrecord not found
[0m[33m[1.057ms] [34;1m[rows:0][0m SELECT * FROM `users` WHERE role = 100 AND `users`.`deleted_at` IS NULL ORDER BY `users`.`id` LIMIT 1
[GIN] 2025/11/13 - 17:47:06 | 20251113174706807076000hfhfvbjB | 200 |       1.393ms |             ::1 |     GET /api/setup
[GIN] 2025/11/13 - 17:47:06 | 20251113174706807856000QU6kiCnw | 200 |     1.50425ms |             ::1 |     GET /api/status
[SYS] 2025/11/13 - 17:47:19 | ä»»åŠ¡è¿›åº¦è½®è¯¢å¼€å§‹ 
[SYS] 2025/11/13 - 17:47:19 | ä»»åŠ¡è¿›åº¦è½®è¯¢å®Œæˆ 
[SYS] 2025/11/13 - 17:47:34 | ä»»åŠ¡è¿›åº¦è½®è¯¢å¼€å§‹ 
[SYS] 2025/11/13 - 17:47:34 | ä»»åŠ¡è¿›åº¦è½®è¯¢å®Œæˆ 
[GIN] 2025/11/13 - 17:47:43 | 202511131747439601260008bYewiSV | 200 |     926.542Âµs |             ::1 |     GET /setup

2025/11/13 17:47:44 [31;1m/Users/xieMac/Desktop/demoProject/dingding/new-api-main/model/user.go:913 [35;1mrecord not found
[0m[33m[0.474ms] [34;1m[rows:0][0m SELECT * FROM `users` WHERE role = 100 AND `users`.`deleted_at` IS NULL ORDER BY `users`.`id` LIMIT 1
[GIN] 2025/11/13 - 17:47:44 | 20251113174744152853000bk1M7xmG | 200 |    1.997167ms |             ::1 |     GET /api/setup
[GIN] 2025/11/13 - 17:47:44 | 20251113174744155202000EdTDlVu1 | 200 |    4.699125ms |             ::1 |     GET /api/status
[SYS] 2025/11/13 - 17:47:49 | syncing options from database 
[SYS] 2025/11/13 - 17:47:49 | ä»»åŠ¡è¿›åº¦è½®è¯¢å¼€å§‹ 
[SYS] 2025/11/13 - 17:47:49 | ä»»åŠ¡è¿›åº¦è½®è¯¢å®Œæˆ 
[SYS] 2025/11/13 - 17:48:04 | ä»»åŠ¡è¿›åº¦è½®è¯¢å¼€å§‹ 
[SYS] 2025/11/13 - 17:48:04 | ä»»åŠ¡è¿›åº¦è½®è¯¢å®Œæˆ 
[SYS] 2025/11/13 - 17:48:19 | ä»»åŠ¡è¿›åº¦è½®è¯¢å¼€å§‹ 
[SYS] 2025/11/13 - 17:48:19 | ä»»åŠ¡è¿›åº¦è½®è¯¢å®Œæˆ 
[GIN] 2025/11/13 - 17:48:21 | 20251113174821373983000buCIO3B9 | 200 |     622.042Âµs |             ::1 |     GET /setup
[GIN] 2025/11/13 - 17:48:21 | 20251113174821556334000tN3BXLqN | 200 |         759Âµs |             ::1 |     GET /api/status

2025/11/13 17:48:21 [31;1m/Users/xieMac/Desktop/demoProject/dingding/new-api-main/model/user.go:913 [35;1mrecord not found
[0m[33m[0.955ms] [34;1m[rows:0][0m SELECT * FROM `users` WHERE role = 100 AND `users`.`deleted_at` IS NULL ORDER BY `users`.`id` LIMIT 1
[GIN] 2025/11/13 - 17:48:21 | 20251113174821556265000vZXLOMjt | 200 |    2.942042ms |             ::1 |     GET /api/setup
[GIN] 2025/11/13 - 17:48:25 | 202511131748259479610009j5uyKEQ | 200 |     355.333Âµs |             ::1 |     GET /api/status
[SYS] 2025/11/13 - 17:48:34 | ä»»åŠ¡è¿›åº¦è½®è¯¢å¼€å§‹ 
[SYS] 2025/11/13 - 17:48:34 | ä»»åŠ¡è¿›åº¦è½®è¯¢å®Œæˆ 
[GIN] 2025/11/13 - 17:48:36 | 2025111317483686231000YrpIvVW1 | 200 |     299.417Âµs |             ::1 |     GET /setup
[GIN] 2025/11/13 - 17:48:36 | 20251113174836262229000omUAVeqV | 200 |     293.042Âµs |             ::1 |     GET /api/status

2025/11/13 17:48:36 [31;1m/Users/xieMac/Desktop/demoProject/dingding/new-api-main/model/user.go:913 [35;1mrecord not found
[0m[33m[0.344ms] [34;1m[rows:0][0m SELECT * FROM `users` WHERE role = 100 AND `users`.`deleted_at` IS NULL ORDER BY `users`.`id` LIMIT 1
[GIN] 2025/11/13 - 17:48:36 | 20251113174836262175000O9jrQtBJ | 200 |     720.959Âµs |             ::1 |     GET /api/setup
[GIN] 2025/11/13 - 17:48:39 | 20251113174839702701000khFMkkid | 200 |    2.003417ms |             ::1 |     GET /
[GIN] 2025/11/13 - 17:48:39 | 202511131748397184290003vrQPn1I | 200 |     584.625Âµs |             ::1 |     GET /
[GIN] 2025/11/13 - 17:48:40 | 20251113174839823107000bx0xux2S | 200 |  179.084666ms |             ::1 |     GET /assets/index-Rsn5taB1.js
[GIN] 2025/11/13 - 17:48:40 | 202511131748402050960005Yu7IGhN | 200 |     366.708Âµs |             ::1 |     GET /assets/index--OJItzRZ.js
[GIN] 2025/11/13 - 17:48:40 | 20251113174840247553000YPQK6azC | 200 |     270.667Âµs |             ::1 |     GET /api/status
[GIN] 2025/11/13 - 17:48:40 | 20251113174840269634000mMKiiBIV | 200 |     160.375Âµs |             ::1 |     GET /api/notice
[GIN] 2025/11/13 - 17:48:40 | 20251113174840269973000wD4JEzA1 | 200 |     114.583Âµs |             ::1 |     GET /setup
[GIN] 2025/11/13 - 17:48:40 | 20251113174840270017000T3oBs9Hc | 200 |      92.583Âµs |             ::1 |     GET /api/home_page_content
[GIN] 2025/11/13 - 17:48:40 | 20251113174840270186000jXcqjoi3 | 200 |     111.417Âµs |             ::1 |     GET /@vite/client
[GIN] 2025/11/13 - 17:48:40 | 202511131748403290870008NKbri0V | 200 |      223.75Âµs |             ::1 |     GET /api/status

2025/11/13 17:48:40 [31;1m/Users/xieMac/Desktop/demoProject/dingding/new-api-main/model/user.go:913 [35;1mrecord not found
[0m[33m[0.319ms] [34;1m[rows:0][0m SELECT * FROM `users` WHERE role = 100 AND `users`.`deleted_at` IS NULL ORDER BY `users`.`id` LIMIT 1
[GIN] 2025/11/13 - 17:48:40 | 20251113174840329157000EZJ3tAzs | 200 |         640Âµs |             ::1 |     GET /api/setup
[GIN] 2025/11/13 - 17:48:40 | 20251113174840373498000Tquny3pX | 200 |     221.125Âµs |             ::1 |     GET /@vite/client
[SYS] 2025/11/13 - 17:48:49 | syncing options from database 
[SYS] 2025/11/13 - 17:48:49 | ä»»åŠ¡è¿›åº¦è½®è¯¢å¼€å§‹ 
[SYS] 2025/11/13 - 17:48:49 | ä»»åŠ¡è¿›åº¦è½®è¯¢å®Œæˆ 
[GIN] 2025/11/13 - 17:48:57 | 20251113174857919436000cikCGLFy | 200 |       289.5Âµs |             ::1 |     GET /setup
[GIN] 2025/11/13 - 17:48:57 | 20251113174857930935000PsmHcU4W | 200 |    5.628292ms |             ::1 |     GET /assets/tools-B2NGHo5c.js
[GIN] 2025/11/13 - 17:48:57 | 20251113174857930421000LyMrcW7D | 200 |      13.582ms |             ::1 |     GET /assets/react-core-EtRuhUCt.js
[GIN] 2025/11/13 - 17:48:57 | 20251113174857940470000Rfj8vDPw | 200 |    6.075666ms |             ::1 |     GET /assets/react-components-BU2OIaHy.js
[GIN] 2025/11/13 - 17:48:57 | 20251113174857946675000s9cjLfq6 | 200 |       5.813ms |             ::1 |     GET /assets/i18n-DrS4T3Mj.js
[GIN] 2025/11/13 - 17:48:57 | 20251113174857930913000mjhdSYxc | 200 |   26.730042ms |             ::1 |     GET /assets/semi-ui-DELeiDEV.css
[GIN] 2025/11/13 - 17:48:57 | 20251113174857930767000cnHf8Mki | 200 |   28.726291ms |             ::1 |     GET /assets/index-BTx2Sdtp.css
[GIN] 2025/11/13 - 17:48:57 | 20251113174857930472000t6k8CkG0 | 200 |   63.238333ms |             ::1 |     GET /assets/semi-ui-CXFDNDRZ.js
[GIN] 2025/11/13 - 17:48:58 | 20251113174857930923000sqweTIOA | 200 |  152.356209ms |             ::1 |     GET /assets/index-Rsn5taB1.js

2025/11/13 17:48:58 [31;1m/Users/xieMac/Desktop/demoProject/dingding/new-api-main/model/user.go:913 [35;1mrecord not found
[0m[33m[0.297ms] [34;1m[rows:0][0m SELECT * FROM `users` WHERE role = 100 AND `users`.`deleted_at` IS NULL ORDER BY `users`.`id` LIMIT 1
[GIN] 2025/11/13 - 17:48:58 | 20251113174858139347000bGEa7EHx | 200 |     956.333Âµs |             ::1 |     GET /api/status
[GIN] 2025/11/13 - 17:48:58 | 20251113174858139283000Ahw7j9hk | 200 |    1.036625ms |             ::1 |     GET /api/setup
[GIN] 2025/11/13 - 17:48:58 | 20251113174858151536000FRz51gPI | 200 |       133.5Âµs |             ::1 |     GET /@vite/client
[SYS] 2025/11/13 - 17:49:04 | ä»»åŠ¡è¿›åº¦è½®è¯¢å¼€å§‹ 
[SYS] 2025/11/13 - 17:49:04 | ä»»åŠ¡è¿›åº¦è½®è¯¢å®Œæˆ 
[SYS] 2025/11/13 - 17:49:19 | ä»»åŠ¡è¿›åº¦è½®è¯¢å¼€å§‹ 
[SYS] 2025/11/13 - 17:49:19 | ä»»åŠ¡è¿›åº¦è½®è¯¢å®Œæˆ 
[SYS] 2025/11/13 - 17:49:34 | ä»»åŠ¡è¿›åº¦è½®è¯¢å¼€å§‹ 
[SYS] 2025/11/13 - 17:49:34 | ä»»åŠ¡è¿›åº¦è½®è¯¢å®Œæˆ 
[SYS] 2025/11/13 - 17:49:49 | syncing options from database 
[SYS] 2025/11/13 - 17:49:49 | ä»»åŠ¡è¿›åº¦è½®è¯¢å¼€å§‹ 
[SYS] 2025/11/13 - 17:49:49 | ä»»åŠ¡è¿›åº¦è½®è¯¢å®Œæˆ 
[SYS] 2025/11/13 - 17:50:04 | ä»»åŠ¡è¿›åº¦è½®è¯¢å¼€å§‹ 
[SYS] 2025/11/13 - 17:50:04 | ä»»åŠ¡è¿›åº¦è½®è¯¢å®Œæˆ 
[SYS] 2025/11/13 - 17:50:19 | ä»»åŠ¡è¿›åº¦è½®è¯¢å¼€å§‹ 
[SYS] 2025/11/13 - 17:50:19 | ä»»åŠ¡è¿›åº¦è½®è¯¢å®Œæˆ 
[GIN] 2025/11/13 - 17:50:20 | 20251113175020455450000xOd4PxFV | 200 |     730.792Âµs |             ::1 |     GET /.well-known/appspecific/com.chrome.devtools.json
[GIN] 2025/11/13 - 17:50:23 | 20251113175023850086000zxzhHiK1 | 200 |     128.166Âµs |             ::1 |     GET /setup
[GIN] 2025/11/13 - 17:50:23 | 20251113175023868189000wVHqVmHP | 200 |     1.98125ms |             ::1 |     GET /.well-known/appspecific/com.chrome.devtools.json
[GIN] 2025/11/13 - 17:50:23 | 20251113175023870494000L1y6L3b8 | 200 |    3.651625ms |             ::1 |     GET /assets/tools-B2NGHo5c.js
[GIN] 2025/11/13 - 17:50:23 | 20251113175023870814000zUW6S74V | 200 |    3.560666ms |             ::1 |     GET /assets/react-components-BU2OIaHy.js
[GIN] 2025/11/13 - 17:50:23 | 20251113175023878437000yx9RAn6n | 200 |     1.91125ms |             ::1 |     GET /assets/i18n-DrS4T3Mj.js
[GIN] 2025/11/13 - 17:50:23 | 20251113175023870535000kslvqIXV | 200 |   12.840125ms |             ::1 |     GET /assets/react-core-EtRuhUCt.js
[GIN] 2025/11/13 - 17:50:23 | 20251113175023872277000JvG67dhq | 200 |   21.894125ms |             ::1 |     GET /assets/semi-ui-DELeiDEV.css
[GIN] 2025/11/13 - 17:50:23 | 20251113175023878460000O7nidDpH | 200 |   21.965541ms |             ::1 |     GET /assets/index-BTx2Sdtp.css
[GIN] 2025/11/13 - 17:50:23 | 20251113175023871810000OKcJrqVC | 200 |   85.027625ms |             ::1 |     GET /assets/semi-ui-CXFDNDRZ.js
[GIN] 2025/11/13 - 17:50:24 | 20251113175023870069000ugYVP8Tw | 200 |   209.80775ms |             ::1 |     GET /assets/index-Rsn5taB1.js

2025/11/13 17:50:24 [31;1m/Users/xieMac/Desktop/demoProject/dingding/new-api-main/model/user.go:913 [35;1mrecord not found
[0m[33m[0.308ms] [34;1m[rows:0][0m SELECT * FROM `users` WHERE role = 100 AND `users`.`deleted_at` IS NULL ORDER BY `users`.`id` LIMIT 1
[GIN] 2025/11/13 - 17:50:24 | 20251113175024273874000U0TChwOz | 200 |     569.458Âµs |             ::1 |     GET /api/setup
[GIN] 2025/11/13 - 17:50:24 | 20251113175024273919000asFxMAFq | 200 |     540.209Âµs |             ::1 |     GET /api/status
[GIN] 2025/11/13 - 17:50:24 | 20251113175024277908000Ja2dEBMh | 200 |     284.875Âµs |             ::1 |     GET /logo.png
[GIN] 2025/11/13 - 17:50:24 | 20251113175024476499000Oa5JdHMk | 200 |      71.916Âµs |             ::1 |     GET /logo.png
[SYS] 2025/11/13 - 17:50:34 | ä»»åŠ¡è¿›åº¦è½®è¯¢å¼€å§‹ 
[SYS] 2025/11/13 - 17:50:34 | ä»»åŠ¡è¿›åº¦è½®è¯¢å®Œæˆ 
[SYS] 2025/11/13 - 17:50:49 | syncing options from database 
[SYS] 2025/11/13 - 17:50:49 | ä»»åŠ¡è¿›åº¦è½®è¯¢å¼€å§‹ 
[SYS] 2025/11/13 - 17:50:49 | ä»»åŠ¡è¿›åº¦è½®è¯¢å®Œæˆ 
[SYS] 2025/11/13 - 17:51:04 | ä»»åŠ¡è¿›åº¦è½®è¯¢å¼€å§‹ 
[SYS] 2025/11/13 - 17:51:04 | ä»»åŠ¡è¿›åº¦è½®è¯¢å®Œæˆ 
[SYS] 2025/11/13 - 17:51:19 | ä»»åŠ¡è¿›åº¦è½®è¯¢å¼€å§‹ 
[SYS] 2025/11/13 - 17:51:19 | ä»»åŠ¡è¿›åº¦è½®è¯¢å®Œæˆ 
[SYS] 2025/11/13 - 17:51:34 | ä»»åŠ¡è¿›åº¦è½®è¯¢å¼€å§‹ 
[SYS] 2025/11/13 - 17:51:34 | ä»»åŠ¡è¿›åº¦è½®è¯¢å®Œæˆ 
[SYS] 2025/11/13 - 17:51:49 | æ­£åœ¨æ›´æ–°æ•°æ®çœ‹æ¿æ•°æ®... 
[SYS] 2025/11/13 - 17:51:49 | ä¿å­˜æ•°æ®çœ‹æ¿æ•°æ®æˆåŠŸï¼Œå…±ä¿å­˜0æ¡æ•°æ® 
[SYS] 2025/11/13 - 17:51:49 | syncing options from database 
[SYS] 2025/11/13 - 17:51:49 | ä»»åŠ¡è¿›åº¦è½®è¯¢å¼€å§‹ 
[SYS] 2025/11/13 - 17:51:49 | ä»»åŠ¡è¿›åº¦è½®è¯¢å®Œæˆ 
[SYS] 2025/11/13 - 17:52:04 | ä»»åŠ¡è¿›åº¦è½®è¯¢å¼€å§‹ 
[SYS] 2025/11/13 - 17:52:04 | ä»»åŠ¡è¿›åº¦è½®è¯¢å®Œæˆ 
[SYS] 2025/11/13 - 17:52:19 | ä»»åŠ¡è¿›åº¦è½®è¯¢å¼€å§‹ 
[SYS] 2025/11/13 - 17:52:19 | ä»»åŠ¡è¿›åº¦è½®è¯¢å®Œæˆ 
[SYS] 2025/11/13 - 17:52:34 | ä»»åŠ¡è¿›åº¦è½®è¯¢å¼€å§‹ 
[SYS] 2025/11/13 - 17:52:34 | ä»»åŠ¡è¿›åº¦è½®è¯¢å®Œæˆ 
[SYS] 2025/11/13 - 17:52:49 | syncing options from database 
[SYS] 2025/11/13 - 17:52:49 | ä»»åŠ¡è¿›åº¦è½®è¯¢å¼€å§‹ 
[SYS] 2025/11/13 - 17:52:49 | ä»»åŠ¡è¿›åº¦è½®è¯¢å®Œæˆ 
